<?xml version="1.0" encoding="UTF-8" standalone="no"?>
<!DOCTYPE log SYSTEM "logger.dtd">
<log>
<record>
  <date>2024-05-26T22:08:44.407247700Z</date>
  <millis>1716761324407</millis>
  <nanos>247700</nanos>
  <sequence>0</sequence>
  <logger>Test.SimulatorApplication</logger>
  <level>INFO</level>
  <class>Test.SimulatorApplication</class>
  <method>main</method>
  <thread>1</thread>
  <message>Starting the robot simulator...</message>
</record>
<record>
  <date>2024-05-26T22:08:44.542673900Z</date>
  <millis>1716761324542</millis>
  <nanos>673900</nanos>
  <sequence>1</sequence>
  <logger>Test.SimulatorApplication</logger>
  <level>CONFIG</level>
  <class>Test.SimulatorApplication</class>
  <method>main</method>
  <thread>1</thread>
  <message>With parameters [].</message>
</record>
</log>
